{"C:\\Users\\v venkata bhargav\\github-actions-ai-gatekeeper\\src\\server.ts": {"path":"C:\\Users\\v venkata bhargav\\github-actions-ai-gatekeeper\\src\\server.ts","all":false,"statementMap":{"0":{"start":{"line":1,"column":0},"end":{"line":1,"column":30}},"1":{"start":{"line":2,"column":0},"end":{"line":2,"column":24}},"2":{"start":{"line":3,"column":0},"end":{"line":3,"column":28}},"3":{"start":{"line":4,"column":0},"end":{"line":4,"column":24}},"4":{"start":{"line":5,"column":0},"end":{"line":5,"column":0}},"5":{"start":{"line":6,"column":0},"end":{"line":6,"column":22}},"6":{"start":{"line":7,"column":0},"end":{"line":7,"column":38}},"7":{"start":{"line":8,"column":0},"end":{"line":8,"column":0}},"8":{"start":{"line":9,"column":0},"end":{"line":9,"column":22}},"9":{"start":{"line":10,"column":0},"end":{"line":10,"column":18}},"10":{"start":{"line":11,"column":0},"end":{"line":11,"column":0}},"11":{"start":{"line":12,"column":0},"end":{"line":12,"column":33}},"12":{"start":{"line":13,"column":0},"end":{"line":13,"column":14}},"13":{"start":{"line":14,"column":0},"end":{"line":14,"column":71}},"14":{"start":{"line":15,"column":0},"end":{"line":15,"column":4}},"15":{"start":{"line":16,"column":0},"end":{"line":16,"column":0}},"16":{"start":{"line":17,"column":0},"end":{"line":17,"column":15}},"17":{"start":{"line":18,"column":0},"end":{"line":18,"column":24}},"18":{"start":{"line":19,"column":0},"end":{"line":19,"column":0}},"19":{"start":{"line":20,"column":0},"end":{"line":20,"column":16}},"20":{"start":{"line":21,"column":0},"end":{"line":21,"column":22}},"21":{"start":{"line":22,"column":0},"end":{"line":22,"column":41}},"22":{"start":{"line":23,"column":0},"end":{"line":23,"column":41}},"23":{"start":{"line":24,"column":0},"end":{"line":24,"column":40}},"24":{"start":{"line":25,"column":0},"end":{"line":25,"column":2}},"25":{"start":{"line":26,"column":0},"end":{"line":26,"column":0}},"26":{"start":{"line":27,"column":0},"end":{"line":27,"column":35}},"27":{"start":{"line":28,"column":0},"end":{"line":28,"column":96}},"28":{"start":{"line":29,"column":0},"end":{"line":29,"column":51}},"29":{"start":{"line":30,"column":0},"end":{"line":30,"column":27}},"30":{"start":{"line":31,"column":0},"end":{"line":31,"column":2}},"31":{"start":{"line":32,"column":0},"end":{"line":32,"column":47}},"32":{"start":{"line":33,"column":0},"end":{"line":33,"column":71}},"33":{"start":{"line":34,"column":0},"end":{"line":34,"column":3}},"34":{"start":{"line":35,"column":0},"end":{"line":35,"column":0}},"35":{"start":{"line":36,"column":0},"end":{"line":36,"column":23}},"36":{"start":{"line":37,"column":0},"end":{"line":37,"column":42}},"37":{"start":{"line":38,"column":0},"end":{"line":38,"column":29}},"38":{"start":{"line":39,"column":0},"end":{"line":39,"column":2}},"39":{"start":{"line":40,"column":0},"end":{"line":40,"column":31}},"40":{"start":{"line":41,"column":0},"end":{"line":41,"column":34}},"41":{"start":{"line":42,"column":0},"end":{"line":42,"column":69}},"42":{"start":{"line":43,"column":0},"end":{"line":43,"column":3}},"43":{"start":{"line":44,"column":0},"end":{"line":44,"column":2}},"44":{"start":{"line":45,"column":0},"end":{"line":45,"column":40}},"45":{"start":{"line":46,"column":0},"end":{"line":46,"column":28}},"46":{"start":{"line":47,"column":0},"end":{"line":47,"column":24}},"47":{"start":{"line":48,"column":0},"end":{"line":48,"column":3}},"48":{"start":{"line":49,"column":0},"end":{"line":49,"column":2}},"49":{"start":{"line":50,"column":0},"end":{"line":50,"column":46}},"50":{"start":{"line":51,"column":0},"end":{"line":51,"column":45}},"51":{"start":{"line":52,"column":0},"end":{"line":52,"column":60}},"52":{"start":{"line":53,"column":0},"end":{"line":53,"column":4}},"53":{"start":{"line":54,"column":0},"end":{"line":54,"column":2}},"54":{"start":{"line":55,"column":0},"end":{"line":55,"column":20}},"55":{"start":{"line":56,"column":0},"end":{"line":56,"column":3}},"56":{"start":{"line":57,"column":0},"end":{"line":57,"column":0}},"57":{"start":{"line":58,"column":0},"end":{"line":58,"column":25}},"58":{"start":{"line":59,"column":0},"end":{"line":59,"column":44}},"59":{"start":{"line":60,"column":0},"end":{"line":60,"column":38}},"60":{"start":{"line":61,"column":0},"end":{"line":61,"column":2}},"61":{"start":{"line":62,"column":0},"end":{"line":62,"column":50}},"62":{"start":{"line":63,"column":0},"end":{"line":63,"column":63}},"63":{"start":{"line":64,"column":0},"end":{"line":64,"column":72}},"64":{"start":{"line":65,"column":0},"end":{"line":65,"column":3}},"65":{"start":{"line":66,"column":0},"end":{"line":66,"column":2}},"66":{"start":{"line":67,"column":0},"end":{"line":67,"column":59}},"67":{"start":{"line":68,"column":0},"end":{"line":68,"column":47}},"68":{"start":{"line":69,"column":0},"end":{"line":69,"column":2}},"69":{"start":{"line":70,"column":0},"end":{"line":70,"column":68}},"70":{"start":{"line":71,"column":0},"end":{"line":71,"column":59}},"71":{"start":{"line":72,"column":0},"end":{"line":72,"column":51}},"72":{"start":{"line":73,"column":0},"end":{"line":73,"column":63}},"73":{"start":{"line":74,"column":0},"end":{"line":74,"column":3}},"74":{"start":{"line":75,"column":0},"end":{"line":75,"column":2}},"75":{"start":{"line":76,"column":0},"end":{"line":76,"column":58}},"76":{"start":{"line":77,"column":0},"end":{"line":77,"column":54}},"77":{"start":{"line":78,"column":0},"end":{"line":78,"column":73}},"78":{"start":{"line":79,"column":0},"end":{"line":79,"column":3}},"79":{"start":{"line":80,"column":0},"end":{"line":80,"column":0}},"80":{"start":{"line":81,"column":0},"end":{"line":81,"column":40}},"81":{"start":{"line":82,"column":0},"end":{"line":82,"column":46}},"82":{"start":{"line":83,"column":0},"end":{"line":83,"column":42}},"83":{"start":{"line":84,"column":0},"end":{"line":84,"column":3}},"84":{"start":{"line":85,"column":0},"end":{"line":85,"column":0}},"85":{"start":{"line":86,"column":0},"end":{"line":86,"column":15}},"86":{"start":{"line":87,"column":0},"end":{"line":87,"column":38}},"87":{"start":{"line":88,"column":0},"end":{"line":88,"column":26}},"88":{"start":{"line":89,"column":0},"end":{"line":89,"column":50}},"89":{"start":{"line":90,"column":0},"end":{"line":90,"column":5}},"90":{"start":{"line":91,"column":0},"end":{"line":91,"column":1}},"91":{"start":{"line":92,"column":0},"end":{"line":92,"column":0}},"92":{"start":{"line":93,"column":0},"end":{"line":93,"column":15}}},"s":{"0":1,"1":1,"2":1,"3":1,"4":1,"5":1,"6":1,"7":1,"8":1,"9":1,"10":1,"11":1,"12":1,"13":1,"14":1,"15":1,"16":1,"17":1,"18":1,"19":1,"20":1,"21":1,"22":1,"23":1,"24":1,"25":1,"26":1,"27":1,"28":0,"29":0,"30":0,"31":0,"32":0,"33":1,"34":1,"35":1,"36":1,"37":3,"38":3,"39":3,"40":3,"41":1,"42":1,"43":2,"44":2,"45":3,"46":1,"47":1,"48":1,"49":1,"50":1,"51":3,"52":1,"53":1,"54":1,"55":1,"56":1,"57":1,"58":1,"59":4,"60":4,"61":4,"62":4,"63":1,"64":1,"65":3,"66":3,"67":3,"68":3,"69":3,"70":3,"71":4,"72":0,"73":0,"74":3,"75":3,"76":3,"77":3,"78":1,"79":1,"80":1,"81":1,"82":1,"83":1,"84":1,"85":1,"86":1,"87":0,"88":0,"89":0,"90":0,"91":1,"92":1},"branchMap":{"0":{"type":"branch","line":87,"loc":{"start":{"line":87,"column":37},"end":{"line":91,"column":1}},"locations":[{"start":{"line":87,"column":37},"end":{"line":91,"column":1}}]},"1":{"type":"branch","line":37,"loc":{"start":{"line":37,"column":27},"end":{"line":56,"column":2}},"locations":[{"start":{"line":37,"column":27},"end":{"line":56,"column":2}}]},"2":{"type":"branch","line":41,"loc":{"start":{"line":41,"column":33},"end":{"line":43,"column":3}},"locations":[{"start":{"line":41,"column":33},"end":{"line":43,"column":3}}]},"3":{"type":"branch","line":44,"loc":{"start":{"line":44,"column":-2},"end":{"line":46,"column":27}},"locations":[{"start":{"line":44,"column":-2},"end":{"line":46,"column":27}}]},"4":{"type":"branch","line":46,"loc":{"start":{"line":46,"column":27},"end":{"line":56,"column":2}},"locations":[{"start":{"line":46,"column":27},"end":{"line":56,"column":2}}]},"5":{"type":"branch","line":51,"loc":{"start":{"line":51,"column":38},"end":{"line":52,"column":60}},"locations":[{"start":{"line":51,"column":38},"end":{"line":52,"column":60}}]},"6":{"type":"branch","line":59,"loc":{"start":{"line":59,"column":29},"end":{"line":79,"column":2}},"locations":[{"start":{"line":59,"column":29},"end":{"line":79,"column":2}}]},"7":{"type":"branch","line":63,"loc":{"start":{"line":63,"column":28},"end":{"line":63,"column":60}},"locations":[{"start":{"line":63,"column":28},"end":{"line":63,"column":60}}]},"8":{"type":"branch","line":63,"loc":{"start":{"line":63,"column":62},"end":{"line":65,"column":3}},"locations":[{"start":{"line":63,"column":62},"end":{"line":65,"column":3}}]},"9":{"type":"branch","line":66,"loc":{"start":{"line":66,"column":-2},"end":{"line":72,"column":48}},"locations":[{"start":{"line":66,"column":-2},"end":{"line":72,"column":48}}]},"10":{"type":"branch","line":72,"loc":{"start":{"line":72,"column":50},"end":{"line":74,"column":3}},"locations":[{"start":{"line":72,"column":50},"end":{"line":74,"column":3}}]},"11":{"type":"branch","line":75,"loc":{"start":{"line":75,"column":-2},"end":{"line":79,"column":2}},"locations":[{"start":{"line":75,"column":-2},"end":{"line":79,"column":2}}]},"12":{"type":"branch","line":82,"loc":{"start":{"line":82,"column":25},"end":{"line":84,"column":2}},"locations":[{"start":{"line":82,"column":25},"end":{"line":84,"column":2}}]}},"b":{"0":[0],"1":[3],"2":[1],"3":[2],"4":[1],"5":[3],"6":[4],"7":[3],"8":[1],"9":[3],"10":[0],"11":[3],"12":[1]},"fnMap":{},"f":{}}
}
